STT/app/build/intermediates/manifest_merge_blame_file/debug/manifest-merger-blame-debug-report.txt
1<?xml version="1.0" encoding="utf-8"?>
2<manifest xmlns:android="http://schemas.android.com/apk/res/android"
3    package="com.example.speech_to_text"
4    android:versionCode="1"
5    android:versionName="1.0" >
6
7    <uses-sdk
8        android:minSdkVersion="14"
8-->src\main\AndroidManifest.xml
9        android:targetSdkVersion="30" />
9-->src\main\AndroidManifest.xml
10
11    <application
11-->src\main\AndroidManifest.xml:5:1-20:15
12        android:allowBackup="true"
12-->src\main\AndroidManifest.xml:6:5-31
13        android:appComponentFactory="androidx.core.app.CoreComponentFactory"
13-->[androidx.core:core:1.1.0] AndroidManifest.xml:24:18-86
14        android:debuggable="true"
15        android:icon="@drawable/mic"
15-->src\main\AndroidManifest.xml:7:5-33
16        android:label="@string/app_name"
16-->src\main\AndroidManifest.xml:8:5-37
17        android:roundIcon="@drawable/mic"
17-->src\main\AndroidManifest.xml:9:5-38
18        android:supportsRtl="true"
18-->src\main\AndroidManifest.xml:10:5-31
19        android:theme="@style/AppTheme" >
19-->src\main\AndroidManifest.xml:11:5-36
20        <activity android:name="com.example.speech_to_text.splash_screen" >
20-->src\main\AndroidManifest.xml:12:5-18:16
20-->src\main\AndroidManifest.xml:12:15-44
21            <intent-filter>
21-->src\main\AndroidManifest.xml:13:9-17:25
22                <action android:name="android.intent.action.MAIN" />
22-->src\main\AndroidManifest.xml:14:13-65
22-->src\main\AndroidManifest.xml:14:21-62
23
24                <category android:name="android.intent.category.LAUNCHER" />
24-->src\main\AndroidManifest.xml:16:13-73
24-->src\main\AndroidManifest.xml:16:23-70
25            </intent-filter>
26        </activity>
27        <activity android:name="com.example.speech_to_text.MainActivity" />
27-->src\main\AndroidManifest.xml:19:5-55
27-->src\main\AndroidManifest.xml:19:15-43
28    </application>
29
30</manifest>